<?xml version="1.0" encoding="UTF-8"?>
<testng-results ignored="0" total="1" passed="1" failed="0" skipped="0">
  <reporter-output>
  </reporter-output>
  <suite started-at="2022-03-19T08:56:21 CST" name="test.FirsTest" finished-at="2022-03-19T08:56:27 CST" duration-ms="6176">
    <groups>
    </groups>
    <test started-at="2022-03-19T08:56:21 CST" name="Command line test" finished-at="2022-03-19T08:56:27 CST" duration-ms="6176">
      <class name="test.FirsTest">
        <test-method is-config="true" signature="setUp()[pri:0, instance:test.FirsTest@34e9fd99]" started-at="2022-03-19T08:56:21 CST" name="setUp" finished-at="2022-03-19T08:56:24 CST" duration-ms="3384" status="PASS">
          <reporter-output>
          </reporter-output>
        </test-method> <!-- setUp -->
        <test-method signature="simpleTest()[pri:0, instance:test.FirsTest@34e9fd99]" started-at="2022-03-19T08:56:25 CST" name="simpleTest" finished-at="2022-03-19T08:56:26 CST" duration-ms="1983" status="PASS">
          <reporter-output>
          </reporter-output>
        </test-method> <!-- simpleTest -->
        <test-method is-config="true" signature="cleanUp()[pri:0, instance:test.FirsTest@34e9fd99]" started-at="2022-03-19T08:56:27 CST" name="cleanUp" finished-at="2022-03-19T08:56:27 CST" duration-ms="710" status="PASS">
          <reporter-output>
          </reporter-output>
        </test-method> <!-- cleanUp -->
      </class> <!-- test.FirsTest -->
    </test> <!-- Command line test -->
  </suite> <!-- test.FirsTest -->
</testng-results>
